<?xml version="1.0" encoding="UTF-8"?>
<!-- Generated by org.testng.reporters.JUnitXMLReporter -->
<testsuite ignored="7" hostname="LAPTOP-QGFPHLVI" failures="0" tests="1" name="Surefire test" time="67.415" errors="0" timestamp="2025-09-26T22:16:45 EEST">
  <testcase classname="suite2.loginAndSignUp_TestsCase" name="TC6" time="36.418"/>
  <testcase classname="suite2.loginAndSignUp_TestsCase" name="TC2" time="0.0">
    <ignored/>
  </testcase> <!-- TC2 -->
  <testcase classname="suite2.loginAndSignUp_TestsCase" name="TC1" time="0.0">
    <ignored/>
  </testcase> <!-- TC1 -->
  <testcase classname="suite2.loginAndSignUp_TestsCase" name="TC0" time="0.0">
    <ignored/>
  </testcase> <!-- TC0 -->
  <testcase classname="suite2.loginAndSignUp_TestsCase" name="TC7" time="0.0">
    <ignored/>
  </testcase> <!-- TC7 -->
  <testcase classname="suite2.loginAndSignUp_TestsCase" name="TC5" time="0.0">
    <ignored/>
  </testcase> <!-- TC5 -->
  <testcase classname="suite2.loginAndSignUp_TestsCase" name="TC4" time="0.0">
    <ignored/>
  </testcase> <!-- TC4 -->
  <testcase classname="suite2.loginAndSignUp_TestsCase" name="TC3" time="0.0">
    <ignored/>
  </testcase> <!-- TC3 -->
</testsuite> <!-- Surefire test -->
