<?xml version="1.0" encoding="UTF-8"?>
<!-- Generated by org.testng.reporters.JUnitXMLReporter -->
<testsuite ignored="0" hostname="LAPTOP-QGFPHLVI" failures="0" tests="4" name="Suite3 Tests" time="151.835" errors="0" timestamp="2025-09-26T20:51:58 EEST">
  <testcase classname="suite3.Place_Order_TestsCase" name="TC14" time="36.061"/>
  <testcase classname="suite3.Place_Order_TestsCase" name="TC15" time="35.199"/>
  <testcase classname="suite3.Place_Order_TestsCase" name="TC0" time="10.191"/>
  <testcase classname="suite3.Place_Order_TestsCase" name="TC16" time="34.655"/>
</testsuite> <!-- Suite3 Tests -->
