<?xml version="1.0" encoding="UTF-8"?>
<!-- Generated by org.testng.reporters.JUnitXMLReporter -->
<testsuite ignored="0" hostname="LAPTOP-QGFPHLVI" failures="0" tests="11" name="Suite1 Tests" time="354.78" errors="0" timestamp="2025-09-26T20:49:26 EEST">
  <testcase classname="suite1.PRODUCTS_TestsCase" name="TC0" time="20.481"/>
  <testcase classname="suite1.PRODUCTS_TestsCase" name="TC8" time="19.675"/>
  <testcase classname="suite1.PRODUCTS_TestsCase" name="TC9" time="14.474"/>
  <testcase classname="suite1.PRODUCTS_TestsCase" name="TC12" time="29.361"/>
  <testcase classname="suite1.PRODUCTS_TestsCase" name="TC13" time="9.016"/>
  <testcase classname="suite1.PRODUCTS_TestsCase" name="TC17" time="49.934"/>
  <testcase classname="suite1.PRODUCTS_TestsCase" name="TC18" time="25.311"/>
  <testcase classname="suite1.PRODUCTS_TestsCase" name="TC19" time="24.368"/>
  <testcase classname="suite1.PRODUCTS_TestsCase" name="TC20" time="25.97"/>
  <testcase classname="suite1.PRODUCTS_TestsCase" name="TC21" time="7.755"/>
  <testcase classname="suite1.PRODUCTS_TestsCase" name="TC22" time="6.791"/>
</testsuite> <!-- Suite1 Tests -->
