<?xml version="1.0" encoding="UTF-8"?>
<testng-results ignored="7" total="8" passed="1" failed="0" skipped="0">
  <reporter-output>
  </reporter-output>
  <suite started-at="2025-09-26T22:15:37 EEST" name="Surefire suite" finished-at="2025-09-26T22:16:45 EEST" duration-ms="67415">
    <groups>
    </groups>
    <test started-at="2025-09-26T22:15:37 EEST" name="Surefire test" finished-at="2025-09-26T22:16:45 EEST" duration-ms="67415">
      <class name="suite2.loginAndSignUp_TestsCase">
        <test-method is-config="true" signature="setUpMethod()[pri:0, instance:suite2.loginAndSignUp_TestsCase@932bc4a]" started-at="2025-09-26T22:15:37 EEST" name="setUpMethod" finished-at="2025-09-26T22:15:37 EEST" duration-ms="22" status="PASS">
          <reporter-output>
          </reporter-output>
        </test-method> <!-- setUpMethod -->
        <test-method is-config="true" signature="befforeMethod()[pri:0, instance:suite2.loginAndSignUp_TestsCase@932bc4a]" started-at="2025-09-26T22:15:37 EEST" name="befforeMethod" finished-at="2025-09-26T22:16:08 EEST" duration-ms="30712" status="PASS">
          <reporter-output>
          </reporter-output>
        </test-method> <!-- befforeMethod -->
        <test-method signature="TC6()[pri:6, instance:suite2.loginAndSignUp_TestsCase@932bc4a]" started-at="2025-09-26T22:16:08 EEST" name="TC6" finished-at="2025-09-26T22:16:45 EEST" duration-ms="36418" status="PASS">
          <reporter-output>
          </reporter-output>
        </test-method> <!-- TC6 -->
        <test-method is-config="true" signature="AffterMethod()[pri:0, instance:suite2.loginAndSignUp_TestsCase@932bc4a]" started-at="2025-09-26T22:16:45 EEST" name="AffterMethod" finished-at="2025-09-26T22:16:45 EEST" duration-ms="162" status="PASS">
          <reporter-output>
          </reporter-output>
        </test-method> <!-- AffterMethod -->
        <test-method is-config="true" signature="tearDownMethod()[pri:0, instance:suite2.loginAndSignUp_TestsCase@932bc4a]" started-at="2025-09-26T22:16:45 EEST" name="tearDownMethod" finished-at="2025-09-26T22:16:45 EEST" duration-ms="1" status="PASS">
          <reporter-output>
          </reporter-output>
        </test-method> <!-- tearDownMethod -->
      </class> <!-- suite2.loginAndSignUp_TestsCase -->
    </test> <!-- Surefire test -->
  </suite> <!-- Surefire suite -->
</testng-results>
