<?xml version="1.0" encoding="UTF-8"?>
<!-- Generated by org.testng.reporters.JUnitXMLReporter -->
<testsuite ignored="0" hostname="LAPTOP-QGFPHLVI" failures="1" tests="14" name="Suite2 Tests" time="453.211" errors="0" timestamp="2025-09-26T20:59:31 EEST">
  <testcase classname="suite2.TEST_CASE_23_And_24" name="TC23" time="28.823"/>
  <testcase classname="suite2.TEST_CASE_23_And_24" name="TC24" time="52.342"/>
  <testcase classname="suite2.SUBSCRIPTION_TestsCase" name="TC10" time="0.848"/>
  <testcase classname="suite2.SUBSCRIPTION_TestsCase" name="TC11" time="3.362"/>
  <testcase classname="suite2.SUBSCRIPTION_TestsCase" name="TC25" time="0.71"/>
  <testcase classname="suite2.SUBSCRIPTION_TestsCase" name="TC26" time="0.817"/>
  <testcase classname="suite2.loginAndSignUp_TestsCase" name="TC0" time="38.418"/>
  <testcase classname="suite2.loginAndSignUp_TestsCase" name="TC1" time="36.077"/>
  <testcase classname="suite2.loginAndSignUp_TestsCase" name="TC3" time="5.084"/>
  <testcase classname="suite2.loginAndSignUp_TestsCase" name="TC4" time="16.188"/>
  <testcase classname="suite2.loginAndSignUp_TestsCase" name="TC5" time="3.515"/>
  <testcase classname="suite2.loginAndSignUp_TestsCase" name="TC6" time="10.049">
    <failure type="org.openqa.selenium.ElementClickInterceptedException" message="element click intercepted: Element &amp;lt;input type=&amp;quot;submit&amp;quot; data-qa=&amp;quot;submit-button&amp;quot; name=&amp;quot;submit&amp;quot; class=&amp;quot;btn btn-primary pull-left submit_form&amp;quot; value=&amp;quot;Submit&amp;quot;&amp;gt; is not clickable at point (238, 474). Other element would receive the click: &amp;lt;div class=&amp;quot;grippy-host&amp;quot;&amp;gt;&amp;lt;/div&amp;gt;
  (Session info: chrome=140.0.7339.185)
Build info: version: &amp;apos;4.34.0&amp;apos;, revision: &amp;apos;707dcb4246*&amp;apos;
System info: os.name: &amp;apos;Windows 11&amp;apos;, os.arch: &amp;apos;amd64&amp;apos;, os.version: &amp;apos;10.0&amp;apos;, java.version: &amp;apos;25&amp;apos;
Driver info: org.openqa.selenium.chrome.ChromeDriver
Command: [5645d549e83e655d606ec7b8ae3403e4, clickElement {id=f.6B29B520263B90E28186B8B61971AF17.d.49C38041BB4899E0890FC6099B376913.e.62}]
Capabilities {acceptInsecureCerts: false, browserName: chrome, browserVersion: 140.0.7339.185, chrome: {chromedriverVersion: 140.0.7339.207 (17230b545fd..., userDataDir: C:\Users\ABDALL~1\AppData\L...}, fedcm:accounts: true, goog:chromeOptions: {debuggerAddress: localhost:52474}, networkConnectionEnabled: false, pageLoadStrategy: normal, platformName: windows, proxy: Proxy(), se:cdp: ws://localhost:52474/devtoo..., se:cdpVersion: 140.0.7339.185, setWindowRect: true, strictFileInteractability: false, timeouts: {implicit: 0, pageLoad: 300000, script: 30000}, unhandledPromptBehavior: dismiss and notify, webauthn:extension:credBlob: true, webauthn:extension:largeBlob: true, webauthn:extension:minPinLength: true, webauthn:extension:prf: true, webauthn:virtualAuthenticators: true}
Element: [[ChromeDriver: chrome on windows (5645d549e83e655d606ec7b8ae3403e4)] -&amp;gt; xpath: //div[@id=&amp;quot;form-section&amp;quot;]/form[@id=&amp;quot;contact-us-form&amp;quot;]/div/input[@name=&amp;quot;submit&amp;quot;]]
Session ID: 5645d549e83e655d606ec7b8ae3403e4">
      <![CDATA[org.openqa.selenium.ElementClickInterceptedException: element click intercepted: Element <input type="submit" data-qa="submit-button" name="submit" class="btn btn-primary pull-left submit_form" value="Submit"> is not clickable at point (238, 474). Other element would receive the click: <div class="grippy-host"></div>
  (Session info: chrome=140.0.7339.185)
Build info: version: '4.34.0', revision: '707dcb4246*'
System info: os.name: 'Windows 11', os.arch: 'amd64', os.version: '10.0', java.version: '25'
Driver info: org.openqa.selenium.chrome.ChromeDriver
Command: [5645d549e83e655d606ec7b8ae3403e4, clickElement {id=f.6B29B520263B90E28186B8B61971AF17.d.49C38041BB4899E0890FC6099B376913.e.62}]
Capabilities {acceptInsecureCerts: false, browserName: chrome, browserVersion: 140.0.7339.185, chrome: {chromedriverVersion: 140.0.7339.207 (17230b545fd..., userDataDir: C:\Users\ABDALL~1\AppData\L...}, fedcm:accounts: true, goog:chromeOptions: {debuggerAddress: localhost:52474}, networkConnectionEnabled: false, pageLoadStrategy: normal, platformName: windows, proxy: Proxy(), se:cdp: ws://localhost:52474/devtoo..., se:cdpVersion: 140.0.7339.185, setWindowRect: true, strictFileInteractability: false, timeouts: {implicit: 0, pageLoad: 300000, script: 30000}, unhandledPromptBehavior: dismiss and notify, webauthn:extension:credBlob: true, webauthn:extension:largeBlob: true, webauthn:extension:minPinLength: true, webauthn:extension:prf: true, webauthn:virtualAuthenticators: true}
Element: [[ChromeDriver: chrome on windows (5645d549e83e655d606ec7b8ae3403e4)] -> xpath: //div[@id="form-section"]/form[@id="contact-us-form"]/div/input[@name="submit"]]
Session ID: 5645d549e83e655d606ec7b8ae3403e4
at org.openqa.selenium.remote.ErrorCodec.decode(ErrorCodec.java:167)
at org.openqa.selenium.remote.codec.w3c.W3CHttpResponseCodec.decode(W3CHttpResponseCodec.java:138)
at org.openqa.selenium.remote.codec.w3c.W3CHttpResponseCodec.decode(W3CHttpResponseCodec.java:50)
at org.openqa.selenium.remote.HttpCommandExecutor.execute(HttpCommandExecutor.java:215)
at org.openqa.selenium.remote.service.DriverCommandExecutor.invokeExecute(DriverCommandExecutor.java:216)
at org.openqa.selenium.remote.service.DriverCommandExecutor.execute(DriverCommandExecutor.java:174)
at org.openqa.selenium.remote.RemoteWebDriver.execute(RemoteWebDriver.java:544)
at org.openqa.selenium.remote.RemoteWebElement.execute(RemoteWebElement.java:223)
at org.openqa.selenium.remote.RemoteWebElement.click(RemoteWebElement.java:76)
at EdgesFramework.SeleniumFrameWork.Click(SeleniumFrameWork.java:82)
at Pages.ContactUs.Submit_Contact(ContactUs.java:48)
at suite2.loginAndSignUp_TestsCase.TC6(loginAndSignUp_TestsCase.java:413)
at java.base/java.util.ArrayList.forEach(ArrayList.java:1604)
... Removed 33 stack frames]]>
    </failure>
  </testcase> <!-- TC6 -->
  <testcase classname="suite2.loginAndSignUp_TestsCase" name="TC7" time="2.109"/>
  <testcase classname="suite2.loginAndSignUp_TestsCase" name="TC2" time="31.428"/>
</testsuite> <!-- Suite2 Tests -->
