<?xml version="1.0" encoding="UTF-8"?>
<!-- Generated by org.testng.reporters.JUnitReportReporter -->
<testsuite hostname="LAPTOP-QGFPHLVI" failures="0" tests="4" name="suite2.SUBSCRIPTION_TestsCase" time="51.681" errors="0" timestamp="2025-09-26T20:59:31 EEST" skipped="0">
  <testcase classname="suite2.SUBSCRIPTION_TestsCase" name="TC10" time="14.846"/>
  <testcase classname="suite2.SUBSCRIPTION_TestsCase" name="TC11" time="14.875"/>
  <testcase classname="suite2.SUBSCRIPTION_TestsCase" name="TC25" time="5.849"/>
  <testcase classname="suite2.SUBSCRIPTION_TestsCase" name="TC26" time="16.111"/>
</testsuite> <!-- suite2.SUBSCRIPTION_TestsCase -->
