<?xml version="1.0" encoding="UTF-8"?>
<!-- Generated by org.testng.reporters.JUnitReportReporter -->
<testsuite hostname="LAPTOP-QGFPHLVI" failures="0" tests="4" name="suite3.Place_Order_TestsCase" time="151.794" errors="0" timestamp="2025-09-26T20:59:31 EEST" skipped="0">
  <testcase classname="suite3.Place_Order_TestsCase" name="TC14" time="42.102"/>
  <testcase classname="suite3.Place_Order_TestsCase" name="TC15" time="40.259"/>
  <testcase classname="suite3.Place_Order_TestsCase" name="TC0" time="15.808"/>
  <testcase classname="suite3.Place_Order_TestsCase" name="TC16" time="53.625"/>
</testsuite> <!-- suite3.Place_Order_TestsCase -->
