<?xml version="1.0" encoding="UTF-8"?>
<!-- Generated by org.testng.reporters.JUnitReportReporter -->
<testsuite hostname="LAPTOP-QGFPHLVI" failures="0" tests="11" name="suite1.PRODUCTS_TestsCase" time="354.482" errors="0" timestamp="2025-09-26T20:59:31 EEST" skipped="0">
  <testcase classname="suite1.PRODUCTS_TestsCase" name="TC0" time="27.522"/>
  <testcase classname="suite1.PRODUCTS_TestsCase" name="TC8" time="31.561"/>
  <testcase classname="suite1.PRODUCTS_TestsCase" name="TC9" time="27.861"/>
  <testcase classname="suite1.PRODUCTS_TestsCase" name="TC12" time="65.619"/>
  <testcase classname="suite1.PRODUCTS_TestsCase" name="TC13" time="13.915"/>
  <testcase classname="suite1.PRODUCTS_TestsCase" name="TC17" time="55.795"/>
  <testcase classname="suite1.PRODUCTS_TestsCase" name="TC18" time="32.611"/>
  <testcase classname="suite1.PRODUCTS_TestsCase" name="TC19" time="29.319"/>
  <testcase classname="suite1.PRODUCTS_TestsCase" name="TC20" time="40.604"/>
  <testcase classname="suite1.PRODUCTS_TestsCase" name="TC21" time="16.373"/>
  <testcase classname="suite1.PRODUCTS_TestsCase" name="TC22" time="13.302"/>
</testsuite> <!-- suite1.PRODUCTS_TestsCase -->
